Started GET "/" for ::1 at 2019-09-30 10:56:54 -0300
Processing by WelcomeController#index as HTML
  Rendering welcome/index.html.erb within layouts/application
  Rendered welcome/index.html.erb within layouts/application (0.9ms)
Completed 200 OK in 219ms (Views: 135.2ms)


Started GET "/" for ::1 at 2019-09-30 11:01:12 -0300
Processing by WelcomeController#index as HTML
  Rendering welcome/index.html.erb within layouts/application
  Rendered welcome/index.html.erb within layouts/application (2.7ms)
Completed 500 Internal Server Error in 79ms


  
ActionView::Template::Error (No route matches {:action=>"#", :controller=>"welcome"}):
    1: <h1>Bem-Vindo</h1>
    2: 
    3: <ul>
    4:     <li><%= link_to "Cadastro de Clientes", :action => "#" %></li>
    5: </ul>
  
app/views/welcome/index.html.erb:4:in `_app_views_welcome_index_html_erb___2606774403658754029_69936564627740'
Started GET "/" for ::1 at 2019-09-30 11:01:36 -0300
Processing by WelcomeController#index as HTML
  Rendering welcome/index.html.erb within layouts/application
  Rendered welcome/index.html.erb within layouts/application (1.0ms)
Completed 200 OK in 150ms (Views: 147.3ms)


Started GET "/" for ::1 at 2019-09-30 11:21:52 -0300
Processing by WelcomeController#index as HTML
  Rendering welcome/index.html.erb within layouts/application
  Rendered welcome/index.html.erb within layouts/application (0.6ms)
Completed 200 OK in 234ms (Views: 158.4ms)


Started GET "/" for ::1 at 2019-09-30 11:21:55 -0300
Processing by WelcomeController#index as HTML
  Rendering welcome/index.html.erb within layouts/application
  Rendered welcome/index.html.erb within layouts/application (1.3ms)
Completed 200 OK in 33ms (Views: 30.4ms)


Started GET "/customers" for ::1 at 2019-09-30 11:21:55 -0300
Processing by CustomersController#index as HTML
  Rendering customers/index.html.erb within layouts/application
  Rendered customers/index.html.erb within layouts/application (1.2ms)
Completed 200 OK in 44ms (Views: 41.3ms)


Started GET "/customers" for ::1 at 2019-09-30 11:21:57 -0300
Processing by CustomersController#index as HTML
  Rendering customers/index.html.erb within layouts/application
  Rendered customers/index.html.erb within layouts/application (1.1ms)
Completed 200 OK in 33ms (Views: 31.1ms)


Started GET "/customers/new" for ::1 at 2019-09-30 11:21:58 -0300
  
AbstractController::ActionNotFound (The action 'new' could not be found for CustomersController):
  
actionpack (5.1.7) lib/abstract_controller/base.rb:119:in `process'
actionview (5.1.7) lib/action_view/rendering.rb:30:in `process'
actionpack (5.1.7) lib/action_controller/metal.rb:189:in `dispatch'
actionpack (5.1.7) lib/action_controller/metal.rb:253:in `dispatch'
actionpack (5.1.7) lib/action_dispatch/routing/route_set.rb:49:in `dispatch'
actionpack (5.1.7) lib/action_dispatch/routing/route_set.rb:31:in `serve'
actionpack (5.1.7) lib/action_dispatch/journey/router.rb:50:in `block in serve'
actionpack (5.1.7) lib/action_dispatch/journey/router.rb:33:in `each'
actionpack (5.1.7) lib/action_dispatch/journey/router.rb:33:in `serve'
actionpack (5.1.7) lib/action_dispatch/routing/route_set.rb:844:in `call'
rack (2.0.7) lib/rack/etag.rb:25:in `call'
rack (2.0.7) lib/rack/conditional_get.rb:25:in `call'
rack (2.0.7) lib/rack/head.rb:12:in `call'
rack (2.0.7) lib/rack/session/abstract/id.rb:232:in `context'
rack (2.0.7) lib/rack/session/abstract/id.rb:226:in `call'
actionpack (5.1.7) lib/action_dispatch/middleware/cookies.rb:613:in `call'
activerecord (5.1.7) lib/active_record/migration.rb:556:in `call'
actionpack (5.1.7) lib/action_dispatch/middleware/callbacks.rb:26:in `block in call'
activesupport (5.1.7) lib/active_support/callbacks.rb:97:in `run_callbacks'
actionpack (5.1.7) lib/action_dispatch/middleware/callbacks.rb:24:in `call'
actionpack (5.1.7) lib/action_dispatch/middleware/executor.rb:12:in `call'
actionpack (5.1.7) lib/action_dispatch/middleware/debug_exceptions.rb:59:in `call'
web-console (3.7.0) lib/web_console/middleware.rb:135:in `call_app'
web-console (3.7.0) lib/web_console/middleware.rb:30:in `block in call'
web-console (3.7.0) lib/web_console/middleware.rb:20:in `catch'
web-console (3.7.0) lib/web_console/middleware.rb:20:in `call'
actionpack (5.1.7) lib/action_dispatch/middleware/show_exceptions.rb:31:in `call'
railties (5.1.7) lib/rails/rack/logger.rb:36:in `call_app'
railties (5.1.7) lib/rails/rack/logger.rb:24:in `block in call'
activesupport (5.1.7) lib/active_support/tagged_logging.rb:69:in `block in tagged'
activesupport (5.1.7) lib/active_support/tagged_logging.rb:26:in `tagged'
activesupport (5.1.7) lib/active_support/tagged_logging.rb:69:in `tagged'
railties (5.1.7) lib/rails/rack/logger.rb:24:in `call'
sprockets-rails (3.2.1) lib/sprockets/rails/quiet_assets.rb:13:in `call'
actionpack (5.1.7) lib/action_dispatch/middleware/remote_ip.rb:79:in `call'
actionpack (5.1.7) lib/action_dispatch/middleware/request_id.rb:25:in `call'
rack (2.0.7) lib/rack/method_override.rb:22:in `call'
rack (2.0.7) lib/rack/runtime.rb:22:in `call'
activesupport (5.1.7) lib/active_support/cache/strategy/local_cache_middleware.rb:27:in `call'
actionpack (5.1.7) lib/action_dispatch/middleware/executor.rb:12:in `call'
actionpack (5.1.7) lib/action_dispatch/middleware/static.rb:125:in `call'
rack (2.0.7) lib/rack/sendfile.rb:111:in `call'
railties (5.1.7) lib/rails/engine.rb:522:in `call'
puma (3.12.1) lib/puma/configuration.rb:227:in `call'
puma (3.12.1) lib/puma/server.rb:660:in `handle_request'
puma (3.12.1) lib/puma/server.rb:474:in `process_client'
puma (3.12.1) lib/puma/server.rb:334:in `block in run'
puma (3.12.1) lib/puma/thread_pool.rb:135:in `block in spawn_thread'
Started GET "/customers" for ::1 at 2019-09-30 11:22:07 -0300
Processing by CustomersController#index as HTML
  Rendering customers/index.html.erb within layouts/application
  Rendered customers/index.html.erb within layouts/application (0.8ms)
Completed 200 OK in 23ms (Views: 21.3ms)


Started GET "/" for ::1 at 2019-09-30 11:22:08 -0300
Processing by WelcomeController#index as HTML
  Rendering welcome/index.html.erb within layouts/application
  Rendered welcome/index.html.erb within layouts/application (1.2ms)
Completed 200 OK in 35ms (Views: 32.4ms)


  [1m[35m (0.0ms)[0m  [1m[34mSELECT sqlite_version(*)[0m
  [1m[35m (11.4ms)[0m  [1m[35mCREATE TABLE "schema_migrations" ("version" varchar NOT NULL PRIMARY KEY)[0m
  [1m[35m (18.9ms)[0m  [1m[35mCREATE TABLE "ar_internal_metadata" ("key" varchar NOT NULL PRIMARY KEY, "value" varchar, "created_at" datetime NOT NULL, "updated_at" datetime NOT NULL)[0m
  [1m[35m (0.2ms)[0m  [1m[34mSELECT "schema_migrations"."version" FROM "schema_migrations" ORDER BY "schema_migrations"."version" ASC[0m
Migrating to CreateCustomers (20190930144645)
  [1m[35m (0.1ms)[0m  [1m[36mbegin transaction[0m
  [1m[35m (0.3ms)[0m  [1m[35mCREATE TABLE "customers" ("id" INTEGER PRIMARY KEY AUTOINCREMENT NOT NULL, "name" varchar, "email" varchar, "smoker" varchar, "phone" varchar, "avatar" varchar, "created_at" datetime NOT NULL, "updated_at" datetime NOT NULL)[0m
  [1m[35mSQL (0.2ms)[0m  [1m[32mINSERT INTO "schema_migrations" ("version") VALUES (?)[0m  [["version", "20190930144645"]]
  [1m[35m (15.6ms)[0m  [1m[36mcommit transaction[0m
  [1m[36mActiveRecord::InternalMetadata Load (0.1ms)[0m  [1m[34mSELECT  "ar_internal_metadata".* FROM "ar_internal_metadata" WHERE "ar_internal_metadata"."key" = ? LIMIT ?[0m  [["key", "environment"], ["LIMIT", 1]]
  [1m[35m (0.0ms)[0m  [1m[36mbegin transaction[0m
  [1m[35mSQL (0.2ms)[0m  [1m[32mINSERT INTO "ar_internal_metadata" ("key", "value", "created_at", "updated_at") VALUES (?, ?, ?, ?)[0m  [["key", "environment"], ["value", "development"], ["created_at", "2019-09-30 14:47:10.821839"], ["updated_at", "2019-09-30 14:47:10.821839"]]
  [1m[35m (18.7ms)[0m  [1m[36mcommit transaction[0m
  [1m[35m (0.3ms)[0m  [1m[34mSELECT "schema_migrations"."version" FROM "schema_migrations" ORDER BY "schema_migrations"."version" ASC[0m
Started GET "/" for ::1 at 2019-09-30 11:56:29 -0300
  [1m[35m (0.1ms)[0m  [1m[34mSELECT "schema_migrations"."version" FROM "schema_migrations" ORDER BY "schema_migrations"."version" ASC[0m
Processing by WelcomeController#index as HTML
  Rendering welcome/index.html.erb within layouts/application
  Rendered welcome/index.html.erb within layouts/application (0.9ms)
Completed 200 OK in 134ms (Views: 130.9ms | ActiveRecord: 0.0ms)


Started GET "/customers" for ::1 at 2019-09-30 11:56:30 -0300
Processing by CustomersController#index as HTML
  Rendering customers/index.html.erb within layouts/application
  Rendered customers/index.html.erb within layouts/application (1.6ms)
Completed 200 OK in 48ms (Views: 44.3ms | ActiveRecord: 0.0ms)


Started GET "/customers/new" for ::1 at 2019-09-30 11:56:30 -0300
Processing by CustomersController#new as HTML
  Rendering customers/new.html.erb within layouts/application
  Rendered customers/new.html.erb within layouts/application (726.3ms)
Completed 200 OK in 745ms (Views: 735.7ms | ActiveRecord: 0.6ms)


Started GET "/customers/new" for ::1 at 2019-09-30 13:33:30 -0300
  [1m[35m (0.1ms)[0m  [1m[34mSELECT "schema_migrations"."version" FROM "schema_migrations" ORDER BY "schema_migrations"."version" ASC[0m
Processing by CustomersController#new as HTML
  Rendering customers/new.html.erb within layouts/application
  Rendered customers/new.html.erb within layouts/application (805.1ms)
Completed 200 OK in 982ms (Views: 972.1ms | ActiveRecord: 0.4ms)


Started GET "/" for ::1 at 2019-09-30 13:33:34 -0300
Processing by WelcomeController#index as HTML
  Rendering welcome/index.html.erb within layouts/application
  Rendered welcome/index.html.erb within layouts/application (1.0ms)
Completed 200 OK in 35ms (Views: 32.6ms | ActiveRecord: 0.0ms)


Started GET "/customers" for ::1 at 2019-09-30 13:33:35 -0300
Processing by CustomersController#index as HTML
  Rendering customers/index.html.erb within layouts/application
  Rendered customers/index.html.erb within layouts/application (1.3ms)
Completed 200 OK in 35ms (Views: 32.8ms | ActiveRecord: 0.0ms)


Started GET "/customers/new" for ::1 at 2019-09-30 13:33:36 -0300
Processing by CustomersController#new as HTML
  Rendering customers/new.html.erb within layouts/application
  Rendered customers/new.html.erb within layouts/application (12.6ms)
Completed 200 OK in 44ms (Views: 41.5ms | ActiveRecord: 0.0ms)


Started GET "/customers/new" for ::1 at 2019-09-30 13:34:14 -0300
Processing by CustomersController#new as HTML
  Rendering customers/new.html.erb within layouts/application
  Rendered customers/new.html.erb within layouts/application (7.2ms)
Completed 200 OK in 39ms (Views: 36.3ms | ActiveRecord: 0.0ms)


Started POST "/customers" for ::1 at 2019-09-30 13:34:40 -0300
Processing by CustomersController#create as HTML
  Parameters: {"utf8"=>"✓", "authenticity_token"=>"wQXo8ATfcB3sgGhgTBo7BLKs8+nrqDCxbB/PqpIKk0ilHyK/FA0XvtwGmIg3Jg+zY+bKJD+E9VhkfimvCzQGVg==", "customer"=>{"name"=>"Jackson", "email"=>"jackson@email.com", "phone"=>""}, "commit"=>"Criar Cliente"}
  [1m[35m (0.1ms)[0m  [1m[36mbegin transaction[0m
  [1m[35mSQL (1.2ms)[0m  [1m[32mINSERT INTO "customers" ("name", "email", "phone", "created_at", "updated_at") VALUES (?, ?, ?, ?, ?)[0m  [["name", "Jackson"], ["email", "jackson@email.com"], ["phone", ""], ["created_at", "2019-09-30 16:34:40.259850"], ["updated_at", "2019-09-30 16:34:40.259850"]]
  [1m[35m (13.9ms)[0m  [1m[36mcommit transaction[0m
Redirected to http://localhost:3000/customers
Completed 302 Found in 23ms (ActiveRecord: 15.6ms)


Started GET "/customers" for ::1 at 2019-09-30 13:34:40 -0300
Processing by CustomersController#index as HTML
  Rendering customers/index.html.erb within layouts/application
  Rendered customers/index.html.erb within layouts/application (1.5ms)
Completed 200 OK in 17ms (Views: 16.3ms | ActiveRecord: 0.0ms)


Started GET "/customers/new" for ::1 at 2019-09-30 13:38:58 -0300
  [1m[35m (0.3ms)[0m  [1m[34mSELECT "schema_migrations"."version" FROM "schema_migrations" ORDER BY "schema_migrations"."version" ASC[0m
Processing by CustomersController#new as HTML
  Rendering customers/new.html.erb within layouts/application
  Rendered customers/new.html.erb within layouts/application (795.5ms)
Completed 200 OK in 961ms (Views: 950.4ms | ActiveRecord: 0.4ms)


Started GET "/customers" for ::1 at 2019-09-30 13:39:03 -0300
Processing by CustomersController#index as HTML
  Rendering customers/index.html.erb within layouts/application
  Rendered customers/index.html.erb within layouts/application (0.9ms)
Completed 200 OK in 26ms (Views: 24.5ms | ActiveRecord: 0.0ms)


Started GET "/" for ::1 at 2019-09-30 13:39:03 -0300
Processing by WelcomeController#index as HTML
  Rendering welcome/index.html.erb within layouts/application
  Rendered welcome/index.html.erb within layouts/application (1.4ms)
Completed 200 OK in 50ms (Views: 46.9ms | ActiveRecord: 0.0ms)


Started GET "/" for ::1 at 2019-09-30 13:39:05 -0300
Processing by WelcomeController#index as HTML
  Rendering welcome/index.html.erb within layouts/application
  Rendered welcome/index.html.erb within layouts/application (1.6ms)
Completed 200 OK in 35ms (Views: 33.1ms | ActiveRecord: 0.0ms)


Started GET "/customers" for ::1 at 2019-09-30 13:39:05 -0300
Processing by CustomersController#index as HTML
  Rendering customers/index.html.erb within layouts/application
  Rendered customers/index.html.erb within layouts/application (1.4ms)
Completed 200 OK in 37ms (Views: 34.3ms | ActiveRecord: 0.0ms)


Started GET "/customers/new" for ::1 at 2019-09-30 13:39:06 -0300
Processing by CustomersController#new as HTML
  Rendering customers/new.html.erb within layouts/application
  Rendered customers/new.html.erb within layouts/application (2.0ms)
Completed 200 OK in 18ms (Views: 17.3ms | ActiveRecord: 0.0ms)


Started GET "/customers/new" for ::1 at 2019-09-30 13:46:08 -0300
  [1m[35m (0.2ms)[0m  [1m[34mSELECT "schema_migrations"."version" FROM "schema_migrations" ORDER BY "schema_migrations"."version" ASC[0m
Processing by CustomersController#new as HTML
  Rendering customers/new.html.erb within layouts/application
  Rendered customers/new.html.erb within layouts/application (768.1ms)
Completed 200 OK in 919ms (Views: 909.2ms | ActiveRecord: 0.4ms)


Started POST "/customers" for ::1 at 2019-09-30 13:46:10 -0300
Processing by CustomersController#create as HTML
  Parameters: {"utf8"=>"✓", "authenticity_token"=>"ZBeioYvraA1lDcKaX+1lZl+PCs9DWLN18NKd8kqgMSoADWjumzkPrlWLMnIk0VHRjsUzApd0dpz4s3v3056kNA==", "customer"=>{"name"=>"", "email"=>"", "phone"=>""}, "commit"=>"Criar Cliente"}
  [1m[35m (0.1ms)[0m  [1m[36mbegin transaction[0m
  [1m[35m (0.1ms)[0m  [1m[31mrollback transaction[0m
  Rendering customers/new.html.erb within layouts/application
  Rendered customers/new.html.erb within layouts/application (5.5ms)
Completed 200 OK in 30ms (Views: 21.4ms | ActiveRecord: 0.8ms)


Started POST "/customers" for ::1 at 2019-09-30 13:46:12 -0300
Processing by CustomersController#create as HTML
  Parameters: {"utf8"=>"✓", "authenticity_token"=>"Xj6+KoOemmh0227W3ajf1jsm+pat1gpDxomfHW4ReTg6JHRlk0z9y0Rdnj6mlOth6mzDW3n6z6rO6HkY9y/sJg==", "customer"=>{"name"=>"", "email"=>"", "phone"=>""}, "commit"=>"Criar Cliente"}
  [1m[35m (0.1ms)[0m  [1m[36mbegin transaction[0m
  [1m[35m (0.0ms)[0m  [1m[31mrollback transaction[0m
  Rendering customers/new.html.erb within layouts/application
  Rendered customers/new.html.erb within layouts/application (5.0ms)
Completed 200 OK in 18ms (Views: 15.1ms | ActiveRecord: 0.2ms)


Started GET "/customers" for ::1 at 2019-09-30 13:46:13 -0300
Processing by CustomersController#index as HTML
  Rendering customers/index.html.erb within layouts/application
  Rendered customers/index.html.erb within layouts/application (1.1ms)
Completed 200 OK in 28ms (Views: 25.8ms | ActiveRecord: 0.0ms)


Started GET "/customers/new" for ::1 at 2019-09-30 13:46:14 -0300
Processing by CustomersController#new as HTML
  Rendering customers/new.html.erb within layouts/application
  Rendered customers/new.html.erb within layouts/application (7.5ms)
Completed 200 OK in 31ms (Views: 28.7ms | ActiveRecord: 0.0ms)


Started POST "/customers" for ::1 at 2019-09-30 13:46:15 -0300
Processing by CustomersController#create as HTML
  Parameters: {"utf8"=>"✓", "authenticity_token"=>"bPYpeQ4/Kdgpi0qdAgZAj+68Y7Q2zMsguHNqJeVGb1etPCBc3AbGbDfipBqpzgM8VKCopfoxwOugbegZxAVS9A==", "customer"=>{"name"=>"", "email"=>"", "phone"=>""}, "commit"=>"Criar Cliente"}
  [1m[35m (0.1ms)[0m  [1m[36mbegin transaction[0m
  [1m[35m (0.1ms)[0m  [1m[31mrollback transaction[0m
  Rendering customers/new.html.erb within layouts/application
  Rendered customers/new.html.erb within layouts/application (8.5ms)
Completed 200 OK in 57ms (Views: 49.6ms | ActiveRecord: 0.3ms)


Started GET "/customers" for ::1 at 2019-09-30 13:46:17 -0300
Processing by CustomersController#index as HTML
  Rendering customers/index.html.erb within layouts/application
  Rendered customers/index.html.erb within layouts/application (1.3ms)
Completed 200 OK in 28ms (Views: 26.3ms | ActiveRecord: 0.0ms)


Started GET "/customers/new" for ::1 at 2019-09-30 13:46:20 -0300
Processing by CustomersController#new as HTML
  Rendering customers/new.html.erb within layouts/application
  Rendered customers/new.html.erb within layouts/application (7.8ms)
Completed 200 OK in 36ms (Views: 33.8ms | ActiveRecord: 0.0ms)


Started POST "/customers" for ::1 at 2019-09-30 13:46:26 -0300
Processing by CustomersController#create as HTML
  Parameters: {"utf8"=>"✓", "authenticity_token"=>"U1IpJ0yS7XX2M6B7MVU0BfbR0T8fAaQWnr2IYN0+1PmSmCACnqsCwehaTvyanXe2TM0aLtP8r92Gowpc/H3pWg==", "customer"=>{"name"=>"", "email"=>"", "phone"=>""}, "commit"=>"Criar Cliente"}
  [1m[35m (0.1ms)[0m  [1m[36mbegin transaction[0m
  [1m[35m (0.1ms)[0m  [1m[31mrollback transaction[0m
  Rendering customers/new.html.erb within layouts/application
  Rendered customers/new.html.erb within layouts/application (8.1ms)
Completed 200 OK in 56ms (Views: 50.2ms | ActiveRecord: 0.3ms)


Started GET "/customers" for ::1 at 2019-09-30 13:48:50 -0300
Processing by CustomersController#index as HTML
  Rendering customers/index.html.erb within layouts/application
  Rendered customers/index.html.erb within layouts/application (1.3ms)
Completed 200 OK in 38ms (Views: 34.9ms | ActiveRecord: 0.0ms)


Started GET "/customers/new" for ::1 at 2019-09-30 13:48:51 -0300
Processing by CustomersController#new as HTML
  Rendering customers/new.html.erb within layouts/application
  Rendered customers/new.html.erb within layouts/application (6.0ms)
Completed 200 OK in 36ms (Views: 33.6ms | ActiveRecord: 0.0ms)


Started POST "/customers" for ::1 at 2019-09-30 13:48:52 -0300
Processing by CustomersController#create as HTML
  Parameters: {"utf8"=>"✓", "authenticity_token"=>"6PhwmQNN+ELGvFLxEHaYgGwefIfy8RAxuJTw35KXUF0pMnm80XQX9tjVvHa7vtsz1gK3lj4MG/qginLjs9Rt/g==", "customer"=>{"name"=>"", "email"=>"", "phone"=>""}, "commit"=>"Criar Cliente"}
  [1m[35m (0.1ms)[0m  [1m[36mbegin transaction[0m
  [1m[35m (0.1ms)[0m  [1m[31mrollback transaction[0m
  Rendering customers/new.html.erb within layouts/application
  Rendered customers/new.html.erb within layouts/application (6.5ms)
Completed 200 OK in 41ms (Views: 30.3ms | ActiveRecord: 0.3ms)


Started GET "/customers" for ::1 at 2019-09-30 14:00:41 -0300
  [1m[35m (0.1ms)[0m  [1m[34mSELECT "schema_migrations"."version" FROM "schema_migrations" ORDER BY "schema_migrations"."version" ASC[0m
Processing by CustomersController#index as HTML
  Rendering customers/index.html.erb within layouts/application
  Rendered customers/index.html.erb within layouts/application (0.7ms)
Completed 200 OK in 154ms (Views: 149.5ms | ActiveRecord: 0.0ms)


Started GET "/customers/new" for ::1 at 2019-09-30 14:00:42 -0300
Processing by CustomersController#new as HTML
  Rendering customers/new.html.erb within layouts/application
  Rendered customers/new.html.erb within layouts/application (733.0ms)
Completed 200 OK in 767ms (Views: 743.6ms | ActiveRecord: 2.6ms)


Started GET "/customers" for ::1 at 2019-09-30 14:00:48 -0300
Processing by CustomersController#index as HTML
  Rendering customers/index.html.erb within layouts/application
  Rendered customers/index.html.erb within layouts/application (1.5ms)
Completed 200 OK in 35ms (Views: 32.7ms | ActiveRecord: 0.0ms)


Started GET "/customers" for ::1 at 2019-09-30 14:00:50 -0300
Processing by CustomersController#index as HTML
  Rendering customers/index.html.erb within layouts/application
  Rendered customers/index.html.erb within layouts/application (1.1ms)
Completed 200 OK in 34ms (Views: 31.4ms | ActiveRecord: 0.0ms)


Started GET "/c" for ::1 at 2019-09-30 14:00:52 -0300
  
ActionController::RoutingError (No route matches [GET] "/c"):
  
actionpack (5.1.7) lib/action_dispatch/middleware/debug_exceptions.rb:63:in `call'
web-console (3.7.0) lib/web_console/middleware.rb:135:in `call_app'
web-console (3.7.0) lib/web_console/middleware.rb:30:in `block in call'
web-console (3.7.0) lib/web_console/middleware.rb:20:in `catch'
web-console (3.7.0) lib/web_console/middleware.rb:20:in `call'
actionpack (5.1.7) lib/action_dispatch/middleware/show_exceptions.rb:31:in `call'
railties (5.1.7) lib/rails/rack/logger.rb:36:in `call_app'
railties (5.1.7) lib/rails/rack/logger.rb:24:in `block in call'
activesupport (5.1.7) lib/active_support/tagged_logging.rb:69:in `block in tagged'
activesupport (5.1.7) lib/active_support/tagged_logging.rb:26:in `tagged'
activesupport (5.1.7) lib/active_support/tagged_logging.rb:69:in `tagged'
railties (5.1.7) lib/rails/rack/logger.rb:24:in `call'
sprockets-rails (3.2.1) lib/sprockets/rails/quiet_assets.rb:13:in `call'
actionpack (5.1.7) lib/action_dispatch/middleware/remote_ip.rb:79:in `call'
actionpack (5.1.7) lib/action_dispatch/middleware/request_id.rb:25:in `call'
rack (2.0.7) lib/rack/method_override.rb:22:in `call'
rack (2.0.7) lib/rack/runtime.rb:22:in `call'
activesupport (5.1.7) lib/active_support/cache/strategy/local_cache_middleware.rb:27:in `call'
actionpack (5.1.7) lib/action_dispatch/middleware/executor.rb:12:in `call'
actionpack (5.1.7) lib/action_dispatch/middleware/static.rb:125:in `call'
rack (2.0.7) lib/rack/sendfile.rb:111:in `call'
railties (5.1.7) lib/rails/engine.rb:522:in `call'
puma (3.12.1) lib/puma/configuration.rb:227:in `call'
puma (3.12.1) lib/puma/server.rb:660:in `handle_request'
puma (3.12.1) lib/puma/server.rb:474:in `process_client'
puma (3.12.1) lib/puma/server.rb:334:in `block in run'
puma (3.12.1) lib/puma/thread_pool.rb:135:in `block in spawn_thread'
Started GET "/system/ads/pictures/000/000/001/thumb/5.jpg?1569423012" for ::1 at 2019-09-30 14:00:55 -0300
  
ActionController::RoutingError (No route matches [GET] "/system/ads/pictures/000/000/001/thumb/5.jpg"):
  
actionpack (5.1.7) lib/action_dispatch/middleware/debug_exceptions.rb:63:in `call'
web-console (3.7.0) lib/web_console/middleware.rb:135:in `call_app'
web-console (3.7.0) lib/web_console/middleware.rb:30:in `block in call'
web-console (3.7.0) lib/web_console/middleware.rb:20:in `catch'
web-console (3.7.0) lib/web_console/middleware.rb:20:in `call'
actionpack (5.1.7) lib/action_dispatch/middleware/show_exceptions.rb:31:in `call'
railties (5.1.7) lib/rails/rack/logger.rb:36:in `call_app'
railties (5.1.7) lib/rails/rack/logger.rb:24:in `block in call'
activesupport (5.1.7) lib/active_support/tagged_logging.rb:69:in `block in tagged'
activesupport (5.1.7) lib/active_support/tagged_logging.rb:26:in `tagged'
activesupport (5.1.7) lib/active_support/tagged_logging.rb:69:in `tagged'
railties (5.1.7) lib/rails/rack/logger.rb:24:in `call'
sprockets-rails (3.2.1) lib/sprockets/rails/quiet_assets.rb:13:in `call'
actionpack (5.1.7) lib/action_dispatch/middleware/remote_ip.rb:79:in `call'
actionpack (5.1.7) lib/action_dispatch/middleware/request_id.rb:25:in `call'
rack (2.0.7) lib/rack/method_override.rb:22:in `call'
rack (2.0.7) lib/rack/runtime.rb:22:in `call'
activesupport (5.1.7) lib/active_support/cache/strategy/local_cache_middleware.rb:27:in `call'
actionpack (5.1.7) lib/action_dispatch/middleware/executor.rb:12:in `call'
actionpack (5.1.7) lib/action_dispatch/middleware/static.rb:125:in `call'
rack (2.0.7) lib/rack/sendfile.rb:111:in `call'
railties (5.1.7) lib/rails/engine.rb:522:in `call'
puma (3.12.1) lib/puma/configuration.rb:227:in `call'
puma (3.12.1) lib/puma/server.rb:660:in `handle_request'
puma (3.12.1) lib/puma/server.rb:474:in `process_client'
puma (3.12.1) lib/puma/server.rb:334:in `block in run'
puma (3.12.1) lib/puma/thread_pool.rb:135:in `block in spawn_thread'
Started GET "/system/ads/pictures/000/000/002/thumb/2.jpg?1569423012" for ::1 at 2019-09-30 14:00:55 -0300
  
ActionController::RoutingError (No route matches [GET] "/system/ads/pictures/000/000/002/thumb/2.jpg"):
  
actionpack (5.1.7) lib/action_dispatch/middleware/debug_exceptions.rb:63:in `call'
web-console (3.7.0) lib/web_console/middleware.rb:135:in `call_app'
web-console (3.7.0) lib/web_console/middleware.rb:30:in `block in call'
web-console (3.7.0) lib/web_console/middleware.rb:20:in `catch'
web-console (3.7.0) lib/web_console/middleware.rb:20:in `call'
actionpack (5.1.7) lib/action_dispatch/middleware/show_exceptions.rb:31:in `call'
railties (5.1.7) lib/rails/rack/logger.rb:36:in `call_app'
railties (5.1.7) lib/rails/rack/logger.rb:24:in `block in call'
activesupport (5.1.7) lib/active_support/tagged_logging.rb:69:in `block in tagged'
activesupport (5.1.7) lib/active_support/tagged_logging.rb:26:in `tagged'
activesupport (5.1.7) lib/active_support/tagged_logging.rb:69:in `tagged'
railties (5.1.7) lib/rails/rack/logger.rb:24:in `call'
sprockets-rails (3.2.1) lib/sprockets/rails/quiet_assets.rb:13:in `call'
actionpack (5.1.7) lib/action_dispatch/middleware/remote_ip.rb:79:in `call'
actionpack (5.1.7) lib/action_dispatch/middleware/request_id.rb:25:in `call'
rack (2.0.7) lib/rack/method_override.rb:22:in `call'
rack (2.0.7) lib/rack/runtime.rb:22:in `call'
activesupport (5.1.7) lib/active_support/cache/strategy/local_cache_middleware.rb:27:in `call'
actionpack (5.1.7) lib/action_dispatch/middleware/executor.rb:12:in `call'
actionpack (5.1.7) lib/action_dispatch/middleware/static.rb:125:in `call'
rack (2.0.7) lib/rack/sendfile.rb:111:in `call'
railties (5.1.7) lib/rails/engine.rb:522:in `call'
puma (3.12.1) lib/puma/configuration.rb:227:in `call'
puma (3.12.1) lib/puma/server.rb:660:in `handle_request'
puma (3.12.1) lib/puma/server.rb:474:in `process_client'
puma (3.12.1) lib/puma/server.rb:334:in `block in run'
puma (3.12.1) lib/puma/thread_pool.rb:135:in `block in spawn_thread'
Started GET "/system/ads/pictures/000/000/004/thumb/5.jpg?1569423013" for ::1 at 2019-09-30 14:00:55 -0300
Started GET "/system/ads/pictures/000/000/005/thumb/4.jpg?1569423013" for ::1 at 2019-09-30 14:00:55 -0300
Started GET "/system/ads/pictures/000/000/003/thumb/1.jpg?1569423013" for ::1 at 2019-09-30 14:00:55 -0300
  
  
ActionController::RoutingError (No route matches [GET] "/system/ads/pictures/000/000/004/thumb/5.jpg"):
  
  
actionpack (5.1.7) lib/action_dispatch/middleware/debug_exceptions.rb:63:in `call'
web-console (3.7.0) lib/web_console/middleware.rb:135:in `call_app'
web-console (3.7.0) lib/web_console/middleware.rb:30:in `block in call'
web-console (3.7.0) lib/web_console/middleware.rb:20:in `catch'
web-console (3.7.0) lib/web_console/middleware.rb:20:in `call'
actionpack (5.1.7) lib/action_dispatch/middleware/show_exceptions.rb:31:in `call'
railties (5.1.7) lib/rails/rack/logger.rb:36:in `call_app'
railties (5.1.7) lib/rails/rack/logger.rb:24:in `block in call'
activesupport (5.1.7) lib/active_support/tagged_logging.rb:69:in `block in tagged'
activesupport (5.1.7) lib/active_support/tagged_logging.rb:26:in `tagged'
activesupport (5.1.7) lib/active_support/tagged_logging.rb:69:in `tagged'
railties (5.1.7) lib/rails/rack/logger.rb:24:in `call'
sprockets-rails (3.2.1) lib/sprockets/rails/quiet_assets.rb:13:in `call'
actionpack (5.1.7) lib/action_dispatch/middleware/remote_ip.rb:79:in `call'
actionpack (5.1.7) lib/action_dispatch/middleware/request_id.rb:25:in `call'
rack (2.0.7) lib/rack/method_override.rb:22:in `call'
rack (2.0.7) lib/rack/runtime.rb:22:in `call'
activesupport (5.1.7) lib/active_support/cache/strategy/local_cache_middleware.rb:27:in `call'
actionpack (5.1.7) lib/action_dispatch/middleware/executor.rb:12:in `call'
actionpack (5.1.7) lib/action_dispatch/middleware/static.rb:125:in `call'
rack (2.0.7) lib/rack/sendfile.rb:111:in `call'
railties (5.1.7) lib/rails/engine.rb:522:in `call'
puma (3.12.1) lib/puma/configuration.rb:227:in `call'
puma (3.12.1) lib/puma/server.rb:660:in `handle_request'
puma (3.12.1) lib/puma/server.rb:474:in `process_client'
puma (3.12.1) lib/puma/server.rb:334:in `block in run'
puma (3.12.1) lib/puma/thread_pool.rb:135:in `block in spawn_thread'
ActionController::RoutingError (No route matches [GET] "/system/ads/pictures/000/000/005/thumb/4.jpg"):
ActionController::RoutingError (No route matches [GET] "/system/ads/pictures/000/000/003/thumb/1.jpg"):
  
  
actionpack (5.1.7) lib/action_dispatch/middleware/debug_exceptions.rb:63:in `call'
web-console (3.7.0) lib/web_console/middleware.rb:135:in `call_app'
web-console (3.7.0) lib/web_console/middleware.rb:30:in `block in call'
web-console (3.7.0) lib/web_console/middleware.rb:20:in `catch'
web-console (3.7.0) lib/web_console/middleware.rb:20:in `call'
actionpack (5.1.7) lib/action_dispatch/middleware/show_exceptions.rb:31:in `call'
railties (5.1.7) lib/rails/rack/logger.rb:36:in `call_app'
railties (5.1.7) lib/rails/rack/logger.rb:24:in `block in call'
activesupport (5.1.7) lib/active_support/tagged_logging.rb:69:in `block in tagged'
activesupport (5.1.7) lib/active_support/tagged_logging.rb:26:in `tagged'
activesupport (5.1.7) lib/active_support/tagged_logging.rb:69:in `tagged'
railties (5.1.7) lib/rails/rack/logger.rb:24:in `call'
sprockets-rails (3.2.1) lib/sprockets/rails/quiet_assets.rb:13:in `call'
actionpack (5.1.7) lib/action_dispatch/middleware/remote_ip.rb:79:in `call'
actionpack (5.1.7) lib/action_dispatch/middleware/request_id.rb:25:in `call'
rack (2.0.7) lib/rack/method_override.rb:22:in `call'
rack (2.0.7) lib/rack/runtime.rb:22:in `call'
activesupport (5.1.7) lib/active_support/cache/strategy/local_cache_middleware.rb:27:in `call'
actionpack (5.1.7) lib/action_dispatch/middleware/executor.rb:12:in `call'
actionpack (5.1.7) lib/action_dispatch/middleware/static.rb:125:in `call'
rack (2.0.7) lib/rack/sendfile.rb:111:in `call'
railties (5.1.7) lib/rails/engine.rb:522:in `call'
puma (3.12.1) lib/puma/configuration.rb:227:in `call'
puma (3.12.1) lib/puma/server.rb:660:in `handle_request'
puma (3.12.1) lib/puma/server.rb:474:in `process_client'
puma (3.12.1) lib/puma/server.rb:334:in `block in run'
puma (3.12.1) lib/puma/thread_pool.rb:135:in `block in spawn_thread'
actionpack (5.1.7) lib/action_dispatch/middleware/debug_exceptions.rb:63:in `call'
web-console (3.7.0) lib/web_console/middleware.rb:135:in `call_app'
web-console (3.7.0) lib/web_console/middleware.rb:30:in `block in call'
web-console (3.7.0) lib/web_console/middleware.rb:20:in `catch'
web-console (3.7.0) lib/web_console/middleware.rb:20:in `call'
actionpack (5.1.7) lib/action_dispatch/middleware/show_exceptions.rb:31:in `call'
railties (5.1.7) lib/rails/rack/logger.rb:36:in `call_app'
railties (5.1.7) lib/rails/rack/logger.rb:24:in `block in call'
activesupport (5.1.7) lib/active_support/tagged_logging.rb:69:in `block in tagged'
activesupport (5.1.7) lib/active_support/tagged_logging.rb:26:in `tagged'
activesupport (5.1.7) lib/active_support/tagged_logging.rb:69:in `tagged'
railties (5.1.7) lib/rails/rack/logger.rb:24:in `call'
sprockets-rails (3.2.1) lib/sprockets/rails/quiet_assets.rb:13:in `call'
actionpack (5.1.7) lib/action_dispatch/middleware/remote_ip.rb:79:in `call'
actionpack (5.1.7) lib/action_dispatch/middleware/request_id.rb:25:in `call'
rack (2.0.7) lib/rack/method_override.rb:22:in `call'
rack (2.0.7) lib/rack/runtime.rb:22:in `call'
activesupport (5.1.7) lib/active_support/cache/strategy/local_cache_middleware.rb:27:in `call'
actionpack (5.1.7) lib/action_dispatch/middleware/executor.rb:12:in `call'
actionpack (5.1.7) lib/action_dispatch/middleware/static.rb:125:in `call'
rack (2.0.7) lib/rack/sendfile.rb:111:in `call'
railties (5.1.7) lib/rails/engine.rb:522:in `call'
puma (3.12.1) lib/puma/configuration.rb:227:in `call'
puma (3.12.1) lib/puma/server.rb:660:in `handle_request'
puma (3.12.1) lib/puma/server.rb:474:in `process_client'
puma (3.12.1) lib/puma/server.rb:334:in `block in run'
puma (3.12.1) lib/puma/thread_pool.rb:135:in `block in spawn_thread'
Started GET "/system/ads/pictures/000/000/010/thumb/1.jpg?1569423013" for ::1 at 2019-09-30 14:00:55 -0300
  
ActionController::RoutingError (No route matches [GET] "/system/ads/pictures/000/000/010/thumb/1.jpg"):
  
Started GET "/system/ads/pictures/000/000/058/thumb/6.jpg?1569423018" for ::1 at 2019-09-30 14:00:55 -0300
actionpack (5.1.7) lib/action_dispatch/middleware/debug_exceptions.rb:63:in `call'
web-console (3.7.0) lib/web_console/middleware.rb:135:in `call_app'
web-console (3.7.0) lib/web_console/middleware.rb:30:in `block in call'
web-console (3.7.0) lib/web_console/middleware.rb:20:in `catch'
web-console (3.7.0) lib/web_console/middleware.rb:20:in `call'
actionpack (5.1.7) lib/action_dispatch/middleware/show_exceptions.rb:31:in `call'
railties (5.1.7) lib/rails/rack/logger.rb:36:in `call_app'
railties (5.1.7) lib/rails/rack/logger.rb:24:in `block in call'
activesupport (5.1.7) lib/active_support/tagged_logging.rb:69:in `block in tagged'
activesupport (5.1.7) lib/active_support/tagged_logging.rb:26:in `tagged'
activesupport (5.1.7) lib/active_support/tagged_logging.rb:69:in `tagged'
railties (5.1.7) lib/rails/rack/logger.rb:24:in `call'
sprockets-rails (3.2.1) lib/sprockets/rails/quiet_assets.rb:13:in `call'
actionpack (5.1.7) lib/action_dispatch/middleware/remote_ip.rb:79:in `call'
actionpack (5.1.7) lib/action_dispatch/middleware/request_id.rb:25:in `call'
rack (2.0.7) lib/rack/method_override.rb:22:in `call'
rack (2.0.7) lib/rack/runtime.rb:22:in `call'
activesupport (5.1.7) lib/active_support/cache/strategy/local_cache_middleware.rb:27:in `call'
actionpack (5.1.7) lib/action_dispatch/middleware/executor.rb:12:in `call'
actionpack (5.1.7) lib/action_dispatch/middleware/static.rb:125:in `call'
rack (2.0.7) lib/rack/sendfile.rb:111:in `call'
railties (5.1.7) lib/rails/engine.rb:522:in `call'
puma (3.12.1) lib/puma/configuration.rb:227:in `call'
puma (3.12.1) lib/puma/server.rb:660:in `handle_request'
puma (3.12.1) lib/puma/server.rb:474:in `process_client'
puma (3.12.1) lib/puma/server.rb:334:in `block in run'
puma (3.12.1) lib/puma/thread_pool.rb:135:in `block in spawn_thread'
  
ActionController::RoutingError (No route matches [GET] "/system/ads/pictures/000/000/058/thumb/6.jpg"):
  
actionpack (5.1.7) lib/action_dispatch/middleware/debug_exceptions.rb:63:in `call'
web-console (3.7.0) lib/web_console/middleware.rb:135:in `call_app'
web-console (3.7.0) lib/web_console/middleware.rb:30:in `block in call'
web-console (3.7.0) lib/web_console/middleware.rb:20:in `catch'
web-console (3.7.0) lib/web_console/middleware.rb:20:in `call'
actionpack (5.1.7) lib/action_dispatch/middleware/show_exceptions.rb:31:in `call'
railties (5.1.7) lib/rails/rack/logger.rb:36:in `call_app'
railties (5.1.7) lib/rails/rack/logger.rb:24:in `block in call'
activesupport (5.1.7) lib/active_support/tagged_logging.rb:69:in `block in tagged'
activesupport (5.1.7) lib/active_support/tagged_logging.rb:26:in `tagged'
activesupport (5.1.7) lib/active_support/tagged_logging.rb:69:in `tagged'
railties (5.1.7) lib/rails/rack/logger.rb:24:in `call'
sprockets-rails (3.2.1) lib/sprockets/rails/quiet_assets.rb:13:in `call'
actionpack (5.1.7) lib/action_dispatch/middleware/remote_ip.rb:79:in `call'
actionpack (5.1.7) lib/action_dispatch/middleware/request_id.rb:25:in `call'
rack (2.0.7) lib/rack/method_override.rb:22:in `call'
rack (2.0.7) lib/rack/runtime.rb:22:in `call'
activesupport (5.1.7) lib/active_support/cache/strategy/local_cache_middleware.rb:27:in `call'
actionpack (5.1.7) lib/action_dispatch/middleware/executor.rb:12:in `call'
actionpack (5.1.7) lib/action_dispatch/middleware/static.rb:125:in `call'
rack (2.0.7) lib/rack/sendfile.rb:111:in `call'
railties (5.1.7) lib/rails/engine.rb:522:in `call'
puma (3.12.1) lib/puma/configuration.rb:227:in `call'
puma (3.12.1) lib/puma/server.rb:660:in `handle_request'
puma (3.12.1) lib/puma/server.rb:474:in `process_client'
puma (3.12.1) lib/puma/server.rb:334:in `block in run'
puma (3.12.1) lib/puma/thread_pool.rb:135:in `block in spawn_thread'
Started GET "/system/ads/pictures/000/000/106/thumb/11.jpg?1569423132" for ::1 at 2019-09-30 14:00:55 -0300
  
ActionController::RoutingError (No route matches [GET] "/system/ads/pictures/000/000/106/thumb/11.jpg"):
  
actionpack (5.1.7) lib/action_dispatch/middleware/debug_exceptions.rb:63:in `call'
web-console (3.7.0) lib/web_console/middleware.rb:135:in `call_app'
web-console (3.7.0) lib/web_console/middleware.rb:30:in `block in call'
web-console (3.7.0) lib/web_console/middleware.rb:20:in `catch'
web-console (3.7.0) lib/web_console/middleware.rb:20:in `call'
actionpack (5.1.7) lib/action_dispatch/middleware/show_exceptions.rb:31:in `call'
railties (5.1.7) lib/rails/rack/logger.rb:36:in `call_app'
railties (5.1.7) lib/rails/rack/logger.rb:24:in `block in call'
activesupport (5.1.7) lib/active_support/tagged_logging.rb:69:in `block in tagged'
activesupport (5.1.7) lib/active_support/tagged_logging.rb:26:in `tagged'
activesupport (5.1.7) lib/active_support/tagged_logging.rb:69:in `tagged'
railties (5.1.7) lib/rails/rack/logger.rb:24:in `call'
sprockets-rails (3.2.1) lib/sprockets/rails/quiet_assets.rb:13:in `call'
actionpack (5.1.7) lib/action_dispatch/middleware/remote_ip.rb:79:in `call'
actionpack (5.1.7) lib/action_dispatch/middleware/request_id.rb:25:in `call'
rack (2.0.7) lib/rack/method_override.rb:22:in `call'
rack (2.0.7) lib/rack/runtime.rb:22:in `call'
activesupport (5.1.7) lib/active_support/cache/strategy/local_cache_middleware.rb:27:in `call'
actionpack (5.1.7) lib/action_dispatch/middleware/executor.rb:12:in `call'
actionpack (5.1.7) lib/action_dispatch/middleware/static.rb:125:in `call'
rack (2.0.7) lib/rack/sendfile.rb:111:in `call'
railties (5.1.7) lib/rails/engine.rb:522:in `call'
puma (3.12.1) lib/puma/configuration.rb:227:in `call'
puma (3.12.1) lib/puma/server.rb:660:in `handle_request'
puma (3.12.1) lib/puma/server.rb:474:in `process_client'
puma (3.12.1) lib/puma/server.rb:334:in `block in run'
puma (3.12.1) lib/puma/thread_pool.rb:135:in `block in spawn_thread'
Started GET "/" for ::1 at 2019-09-30 14:00:58 -0300
Processing by WelcomeController#index as HTML
  Rendering welcome/index.html.erb within layouts/application
  Rendered welcome/index.html.erb within layouts/application (1.4ms)
Completed 200 OK in 33ms (Views: 30.7ms | ActiveRecord: 0.0ms)


Started GET "/customers" for ::1 at 2019-09-30 14:01:03 -0300
Processing by CustomersController#index as HTML
  Rendering customers/index.html.erb within layouts/application
  Rendered customers/index.html.erb within layouts/application (1.4ms)
Completed 200 OK in 35ms (Views: 32.9ms | ActiveRecord: 0.0ms)


Started GET "/customers/new" for ::1 at 2019-09-30 14:01:04 -0300
Processing by CustomersController#new as HTML
  Rendering customers/new.html.erb within layouts/application
  Rendered customers/new.html.erb within layouts/application (5.0ms)
Completed 200 OK in 23ms (Views: 21.2ms | ActiveRecord: 0.0ms)


Started POST "/customers" for ::1 at 2019-09-30 14:01:24 -0300
Processing by CustomersController#create as HTML
  Parameters: {"utf8"=>"✓", "authenticity_token"=>"3pXxDcEX3BkroJSccaHXq+0zV5svTg5Iqe5XVOj4yE4fX/goEy4zrTXJehvaaZQYVy+ciuOzBYOx8NVoybv17Q==", "customer"=>{"name"=>"Jackson", "email"=>"jackson@email.com", "phone"=>"98989898989", "smoker"=>"N"}, "commit"=>"Criar Cliente"}
  [1m[35m (0.1ms)[0m  [1m[36mbegin transaction[0m
  [1m[35mSQL (1.0ms)[0m  [1m[32mINSERT INTO "customers" ("name", "email", "smoker", "phone", "created_at", "updated_at") VALUES (?, ?, ?, ?, ?, ?)[0m  [["name", "Jackson"], ["email", "jackson@email.com"], ["smoker", "N"], ["phone", "98989898989"], ["created_at", "2019-09-30 17:01:24.133811"], ["updated_at", "2019-09-30 17:01:24.133811"]]
  [1m[35m (3.8ms)[0m  [1m[36mcommit transaction[0m
Redirected to http://localhost:3000/customers
Completed 302 Found in 10ms (ActiveRecord: 5.0ms)


Started GET "/customers" for ::1 at 2019-09-30 14:01:24 -0300
Processing by CustomersController#index as HTML
  Rendering customers/index.html.erb within layouts/application
  Rendered customers/index.html.erb within layouts/application (1.1ms)
Completed 200 OK in 14ms (Views: 12.9ms | ActiveRecord: 0.0ms)


  [1m[36mCustomer Load (0.1ms)[0m  [1m[34mSELECT  "customers".* FROM "customers" ORDER BY "customers"."id" DESC LIMIT ?[0m  [["LIMIT", 1]]
Started GET "/customers/2" for ::1 at 2019-09-30 14:02:53 -0300
Processing by CustomersController#show as HTML
  Parameters: {"id"=>"2"}
  [1m[36mCustomer Load (0.2ms)[0m  [1m[34mSELECT  "customers".* FROM "customers" WHERE "customers"."id" = ? LIMIT ?[0m  [["id", 2], ["LIMIT", 1]]
  Rendering customers/show.html.erb within layouts/application
  Rendered customers/show.html.erb within layouts/application (0.3ms)
Completed 200 OK in 21ms (Views: 17.6ms | ActiveRecord: 0.2ms)


Started GET "/" for ::1 at 2019-09-30 14:09:22 -0300
Processing by WelcomeController#index as HTML
  Rendering welcome/index.html.erb within layouts/application
  Rendered welcome/index.html.erb within layouts/application (0.4ms)
Completed 200 OK in 13ms (Views: 12.2ms | ActiveRecord: 0.0ms)


Started GET "/customers" for ::1 at 2019-09-30 14:09:34 -0300
Processing by CustomersController#index as HTML
  Rendering customers/index.html.erb within layouts/application
  Rendered customers/index.html.erb within layouts/application (1.3ms)
Completed 200 OK in 38ms (Views: 35.5ms | ActiveRecord: 0.0ms)


Started GET "/customers" for ::1 at 2019-09-30 14:14:05 -0300
Processing by CustomersController#index as HTML
  Rendering customers/index.html.erb within layouts/application
  [1m[36mCustomer Load (0.1ms)[0m  [1m[34mSELECT "customers".* FROM "customers"[0m
  Rendered customers/index.html.erb within layouts/application (8.9ms)
Completed 200 OK in 22ms (Views: 19.4ms | ActiveRecord: 1.3ms)


Started GET "/customers/new" for ::1 at 2019-09-30 14:14:19 -0300
Processing by CustomersController#new as HTML
  Rendering customers/new.html.erb within layouts/application
  Rendered customers/new.html.erb within layouts/application (5.4ms)
Completed 200 OK in 35ms (Views: 31.7ms | ActiveRecord: 0.0ms)


Started POST "/customers" for ::1 at 2019-09-30 14:14:32 -0300
Processing by CustomersController#create as HTML
  Parameters: {"utf8"=>"✓", "authenticity_token"=>"YDg/FPEakIR13ngi6A0JaOaXe8+dI9n78QcccmFgq4Ch8jYxIyN/MGu3lqVDxUrbXIuw3lHe0jDpGZ5OQCOWIw==", "customer"=>{"name"=>"Adriano", "email"=>"adriano@email.com", "phone"=>"84654165464", "smoker"=>"N"}, "commit"=>"Criar Cliente"}
  [1m[35m (0.1ms)[0m  [1m[36mbegin transaction[0m
  [1m[35mSQL (0.3ms)[0m  [1m[32mINSERT INTO "customers" ("name", "email", "smoker", "phone", "created_at", "updated_at") VALUES (?, ?, ?, ?, ?, ?)[0m  [["name", "Adriano"], ["email", "adriano@email.com"], ["smoker", "N"], ["phone", "84654165464"], ["created_at", "2019-09-30 17:14:32.744271"], ["updated_at", "2019-09-30 17:14:32.744271"]]
  [1m[35m (6.1ms)[0m  [1m[36mcommit transaction[0m
Redirected to http://localhost:3000/customers
Completed 302 Found in 11ms (ActiveRecord: 6.4ms)


Started GET "/customers" for ::1 at 2019-09-30 14:14:32 -0300
Processing by CustomersController#index as HTML
  Rendering customers/index.html.erb within layouts/application
  [1m[36mCustomer Load (0.1ms)[0m  [1m[34mSELECT "customers".* FROM "customers"[0m
  Rendered customers/index.html.erb within layouts/application (1.0ms)
Completed 200 OK in 17ms (Views: 16.6ms | ActiveRecord: 0.1ms)


Started GET "/customers" for ::1 at 2019-09-30 14:34:01 -0300
  [1m[35m (0.2ms)[0m  [1m[34mSELECT "schema_migrations"."version" FROM "schema_migrations" ORDER BY "schema_migrations"."version" ASC[0m
Processing by CustomersController#index as HTML
  Rendering customers/index.html.erb within layouts/application
  [1m[36mCustomer Load (0.4ms)[0m  [1m[34mSELECT "customers".* FROM "customers"[0m
  Rendered customers/index.html.erb within layouts/application (11.7ms)
Completed 200 OK in 113ms (Views: 107.6ms | ActiveRecord: 1.1ms)


Started GET "/customers/edit" for ::1 at 2019-09-30 14:34:05 -0300
Processing by CustomersController#show as HTML
  Parameters: {"id"=>"edit"}
  [1m[36mCustomer Load (0.2ms)[0m  [1m[34mSELECT  "customers".* FROM "customers" WHERE "customers"."id" = ? LIMIT ?[0m  [["id", 0], ["LIMIT", 1]]
Completed 404 Not Found in 3ms (ActiveRecord: 0.3ms)


  
ActiveRecord::RecordNotFound (Couldn't find Customer with 'id'=edit):
  
app/controllers/customers_controller.rb:38:in `set_customer'
Started GET "/customers/edit/2" for ::1 at 2019-09-30 14:34:12 -0300
  
ActionController::RoutingError (No route matches [GET] "/customers/edit/2"):
  
actionpack (5.1.7) lib/action_dispatch/middleware/debug_exceptions.rb:63:in `call'
web-console (3.7.0) lib/web_console/middleware.rb:135:in `call_app'
web-console (3.7.0) lib/web_console/middleware.rb:30:in `block in call'
web-console (3.7.0) lib/web_console/middleware.rb:20:in `catch'
web-console (3.7.0) lib/web_console/middleware.rb:20:in `call'
actionpack (5.1.7) lib/action_dispatch/middleware/show_exceptions.rb:31:in `call'
railties (5.1.7) lib/rails/rack/logger.rb:36:in `call_app'
railties (5.1.7) lib/rails/rack/logger.rb:24:in `block in call'
activesupport (5.1.7) lib/active_support/tagged_logging.rb:69:in `block in tagged'
activesupport (5.1.7) lib/active_support/tagged_logging.rb:26:in `tagged'
activesupport (5.1.7) lib/active_support/tagged_logging.rb:69:in `tagged'
railties (5.1.7) lib/rails/rack/logger.rb:24:in `call'
sprockets-rails (3.2.1) lib/sprockets/rails/quiet_assets.rb:13:in `call'
actionpack (5.1.7) lib/action_dispatch/middleware/remote_ip.rb:79:in `call'
actionpack (5.1.7) lib/action_dispatch/middleware/request_id.rb:25:in `call'
rack (2.0.7) lib/rack/method_override.rb:22:in `call'
rack (2.0.7) lib/rack/runtime.rb:22:in `call'
activesupport (5.1.7) lib/active_support/cache/strategy/local_cache_middleware.rb:27:in `call'
actionpack (5.1.7) lib/action_dispatch/middleware/executor.rb:12:in `call'
actionpack (5.1.7) lib/action_dispatch/middleware/static.rb:125:in `call'
rack (2.0.7) lib/rack/sendfile.rb:111:in `call'
railties (5.1.7) lib/rails/engine.rb:522:in `call'
puma (3.12.1) lib/puma/configuration.rb:227:in `call'
puma (3.12.1) lib/puma/server.rb:660:in `handle_request'
puma (3.12.1) lib/puma/server.rb:474:in `process_client'
puma (3.12.1) lib/puma/server.rb:334:in `block in run'
puma (3.12.1) lib/puma/thread_pool.rb:135:in `block in spawn_thread'
Started GET "/customer/edit/2" for ::1 at 2019-09-30 14:34:17 -0300
  
ActionController::RoutingError (No route matches [GET] "/customer/edit/2"):
  
actionpack (5.1.7) lib/action_dispatch/middleware/debug_exceptions.rb:63:in `call'
web-console (3.7.0) lib/web_console/middleware.rb:135:in `call_app'
web-console (3.7.0) lib/web_console/middleware.rb:30:in `block in call'
web-console (3.7.0) lib/web_console/middleware.rb:20:in `catch'
web-console (3.7.0) lib/web_console/middleware.rb:20:in `call'
actionpack (5.1.7) lib/action_dispatch/middleware/show_exceptions.rb:31:in `call'
railties (5.1.7) lib/rails/rack/logger.rb:36:in `call_app'
railties (5.1.7) lib/rails/rack/logger.rb:24:in `block in call'
activesupport (5.1.7) lib/active_support/tagged_logging.rb:69:in `block in tagged'
activesupport (5.1.7) lib/active_support/tagged_logging.rb:26:in `tagged'
activesupport (5.1.7) lib/active_support/tagged_logging.rb:69:in `tagged'
railties (5.1.7) lib/rails/rack/logger.rb:24:in `call'
sprockets-rails (3.2.1) lib/sprockets/rails/quiet_assets.rb:13:in `call'
actionpack (5.1.7) lib/action_dispatch/middleware/remote_ip.rb:79:in `call'
actionpack (5.1.7) lib/action_dispatch/middleware/request_id.rb:25:in `call'
rack (2.0.7) lib/rack/method_override.rb:22:in `call'
rack (2.0.7) lib/rack/runtime.rb:22:in `call'
activesupport (5.1.7) lib/active_support/cache/strategy/local_cache_middleware.rb:27:in `call'
actionpack (5.1.7) lib/action_dispatch/middleware/executor.rb:12:in `call'
actionpack (5.1.7) lib/action_dispatch/middleware/static.rb:125:in `call'
rack (2.0.7) lib/rack/sendfile.rb:111:in `call'
railties (5.1.7) lib/rails/engine.rb:522:in `call'
puma (3.12.1) lib/puma/configuration.rb:227:in `call'
puma (3.12.1) lib/puma/server.rb:660:in `handle_request'
puma (3.12.1) lib/puma/server.rb:474:in `process_client'
puma (3.12.1) lib/puma/server.rb:334:in `block in run'
puma (3.12.1) lib/puma/thread_pool.rb:135:in `block in spawn_thread'
Started GET "/customers" for ::1 at 2019-09-30 14:34:47 -0300
Processing by CustomersController#index as HTML
  Rendering customers/index.html.erb within layouts/application
  [1m[36mCustomer Load (0.4ms)[0m  [1m[34mSELECT "customers".* FROM "customers"[0m
  Rendered customers/index.html.erb within layouts/application (3.3ms)
Completed 200 OK in 39ms (Views: 36.1ms | ActiveRecord: 0.4ms)


Started GET "/customers" for ::1 at 2019-09-30 14:34:47 -0300
Processing by CustomersController#index as HTML
  Rendering customers/index.html.erb within layouts/application
  [1m[36mCustomer Load (0.3ms)[0m  [1m[34mSELECT "customers".* FROM "customers"[0m
  Rendered customers/index.html.erb within layouts/application (2.3ms)
Completed 200 OK in 28ms (Views: 25.9ms | ActiveRecord: 0.3ms)


Started GET "/customers" for ::1 at 2019-09-30 14:36:57 -0300
Processing by CustomersController#index as HTML
  Rendering customers/index.html.erb within layouts/application
  [1m[36mCustomer Load (0.3ms)[0m  [1m[34mSELECT "customers".* FROM "customers"[0m
  Rendered customers/index.html.erb within layouts/application (3.0ms)
Completed 200 OK in 32ms (Views: 27.0ms | ActiveRecord: 0.3ms)


Started GET "/customers" for ::1 at 2019-09-30 14:37:53 -0300
Processing by CustomersController#index as HTML
  Rendering customers/index.html.erb within layouts/application
  [1m[36mCustomer Load (0.3ms)[0m  [1m[34mSELECT "customers".* FROM "customers"[0m
  Rendered customers/index.html.erb within layouts/application (4.1ms)
Completed 200 OK in 38ms (Views: 35.5ms | ActiveRecord: 0.3ms)


Started GET "/system/ads/pictures/000/000/002/thumb/2.jpg?1569423012" for ::1 at 2019-09-30 14:43:00 -0300
Started GET "/system/ads/pictures/000/000/003/thumb/1.jpg?1569423013" for ::1 at 2019-09-30 14:43:00 -0300
Started GET "/system/ads/pictures/000/000/001/thumb/5.jpg?1569423012" for ::1 at 2019-09-30 14:43:00 -0300
  
  
ActionController::RoutingError (No route matches [GET] "/system/ads/pictures/000/000/003/thumb/1.jpg"):
  
actionpack (5.1.7) lib/action_dispatch/middleware/debug_exceptions.rb:63:in `call'
web-console (3.7.0) lib/web_console/middleware.rb:135:in `call_app'
web-console (3.7.0) lib/web_console/middleware.rb:30:in `block in call'
web-console (3.7.0) lib/web_console/middleware.rb:20:in `catch'
web-console (3.7.0) lib/web_console/middleware.rb:20:in `call'
actionpack (5.1.7) lib/action_dispatch/middleware/show_exceptions.rb:31:in `call'
railties (5.1.7) lib/rails/rack/logger.rb:36:in `call_app'
railties (5.1.7) lib/rails/rack/logger.rb:24:in `block in call'
activesupport (5.1.7) lib/active_support/tagged_logging.rb:69:in `block in tagged'
activesupport (5.1.7) lib/active_support/tagged_logging.rb:26:in `tagged'
activesupport (5.1.7) lib/active_support/tagged_logging.rb:69:in `tagged'
railties (5.1.7) lib/rails/rack/logger.rb:24:in `call'
sprockets-rails (3.2.1) lib/sprockets/rails/quiet_assets.rb:13:in `call'
actionpack (5.1.7) lib/action_dispatch/middleware/remote_ip.rb:79:in `call'
actionpack (5.1.7) lib/action_dispatch/middleware/request_id.rb:25:in `call'
rack (2.0.7) lib/rack/method_override.rb:22:in `call'
rack (2.0.7) lib/rack/runtime.rb:22:in `call'
activesupport (5.1.7) lib/active_support/cache/strategy/local_cache_middleware.rb:27:in `call'
actionpack (5.1.7) lib/action_dispatch/middleware/executor.rb:12:in `call'
actionpack (5.1.7) lib/action_dispatch/middleware/static.rb:125:in `call'
rack (2.0.7) lib/rack/sendfile.rb:111:in `call'
railties (5.1.7) lib/rails/engine.rb:522:in `call'
puma (3.12.1) lib/puma/configuration.rb:227:in `call'
puma (3.12.1) lib/puma/server.rb:660:in `handle_request'
puma (3.12.1) lib/puma/server.rb:474:in `process_client'
puma (3.12.1) lib/puma/server.rb:334:in `block in run'
puma (3.12.1) lib/puma/thread_pool.rb:135:in `block in spawn_thread'
  
ActionController::RoutingError (No route matches [GET] "/system/ads/pictures/000/000/002/thumb/2.jpg"):
ActionController::RoutingError (No route matches [GET] "/system/ads/pictures/000/000/001/thumb/5.jpg"):
  
  
actionpack (5.1.7) lib/action_dispatch/middleware/debug_exceptions.rb:63:in `call'
web-console (3.7.0) lib/web_console/middleware.rb:135:in `call_app'
web-console (3.7.0) lib/web_console/middleware.rb:30:in `block in call'
web-console (3.7.0) lib/web_console/middleware.rb:20:in `catch'
web-console (3.7.0) lib/web_console/middleware.rb:20:in `call'
actionpack (5.1.7) lib/action_dispatch/middleware/show_exceptions.rb:31:in `call'
railties (5.1.7) lib/rails/rack/logger.rb:36:in `call_app'
railties (5.1.7) lib/rails/rack/logger.rb:24:in `block in call'
activesupport (5.1.7) lib/active_support/tagged_logging.rb:69:in `block in tagged'
activesupport (5.1.7) lib/active_support/tagged_logging.rb:26:in `tagged'
activesupport (5.1.7) lib/active_support/tagged_logging.rb:69:in `tagged'
railties (5.1.7) lib/rails/rack/logger.rb:24:in `call'
sprockets-rails (3.2.1) lib/sprockets/rails/quiet_assets.rb:13:in `call'
actionpack (5.1.7) lib/action_dispatch/middleware/remote_ip.rb:79:in `call'
actionpack (5.1.7) lib/action_dispatch/middleware/request_id.rb:25:in `call'
rack (2.0.7) lib/rack/method_override.rb:22:in `call'
rack (2.0.7) lib/rack/runtime.rb:22:in `call'
activesupport (5.1.7) lib/active_support/cache/strategy/local_cache_middleware.rb:27:in `call'
actionpack (5.1.7) lib/action_dispatch/middleware/executor.rb:12:in `call'
actionpack (5.1.7) lib/action_dispatch/middleware/static.rb:125:in `call'
rack (2.0.7) lib/rack/sendfile.rb:111:in `call'
railties (5.1.7) lib/rails/engine.rb:522:in `call'
puma (3.12.1) lib/puma/configuration.rb:227:in `call'
puma (3.12.1) lib/puma/server.rb:660:in `handle_request'
puma (3.12.1) lib/puma/server.rb:474:in `process_client'
puma (3.12.1) lib/puma/server.rb:334:in `block in run'
puma (3.12.1) lib/puma/thread_pool.rb:135:in `block in spawn_thread'
actionpack (5.1.7) lib/action_dispatch/middleware/debug_exceptions.rb:63:in `call'
web-console (3.7.0) lib/web_console/middleware.rb:135:in `call_app'
web-console (3.7.0) lib/web_console/middleware.rb:30:in `block in call'
web-console (3.7.0) lib/web_console/middleware.rb:20:in `catch'
web-console (3.7.0) lib/web_console/middleware.rb:20:in `call'
actionpack (5.1.7) lib/action_dispatch/middleware/show_exceptions.rb:31:in `call'
railties (5.1.7) lib/rails/rack/logger.rb:36:in `call_app'
railties (5.1.7) lib/rails/rack/logger.rb:24:in `block in call'
activesupport (5.1.7) lib/active_support/tagged_logging.rb:69:in `block in tagged'
activesupport (5.1.7) lib/active_support/tagged_logging.rb:26:in `tagged'
activesupport (5.1.7) lib/active_support/tagged_logging.rb:69:in `tagged'
railties (5.1.7) lib/rails/rack/logger.rb:24:in `call'
sprockets-rails (3.2.1) lib/sprockets/rails/quiet_assets.rb:13:in `call'
actionpack (5.1.7) lib/action_dispatch/middleware/remote_ip.rb:79:in `call'
actionpack (5.1.7) lib/action_dispatch/middleware/request_id.rb:25:in `call'
rack (2.0.7) lib/rack/method_override.rb:22:in `call'
rack (2.0.7) lib/rack/runtime.rb:22:in `call'
activesupport (5.1.7) lib/active_support/cache/strategy/local_cache_middleware.rb:27:in `call'
actionpack (5.1.7) lib/action_dispatch/middleware/executor.rb:12:in `call'
actionpack (5.1.7) lib/action_dispatch/middleware/static.rb:125:in `call'
rack (2.0.7) lib/rack/sendfile.rb:111:in `call'
railties (5.1.7) lib/rails/engine.rb:522:in `call'
puma (3.12.1) lib/puma/configuration.rb:227:in `call'
puma (3.12.1) lib/puma/server.rb:660:in `handle_request'
puma (3.12.1) lib/puma/server.rb:474:in `process_client'
puma (3.12.1) lib/puma/server.rb:334:in `block in run'
puma (3.12.1) lib/puma/thread_pool.rb:135:in `block in spawn_thread'
Started GET "/system/ads/pictures/000/000/004/thumb/5.jpg?1569423013" for ::1 at 2019-09-30 14:43:00 -0300
  
ActionController::RoutingError (No route matches [GET] "/system/ads/pictures/000/000/004/thumb/5.jpg"):
  
actionpack (5.1.7) lib/action_dispatch/middleware/debug_exceptions.rb:63:in `call'
web-console (3.7.0) lib/web_console/middleware.rb:135:in `call_app'
web-console (3.7.0) lib/web_console/middleware.rb:30:in `block in call'
web-console (3.7.0) lib/web_console/middleware.rb:20:in `catch'
web-console (3.7.0) lib/web_console/middleware.rb:20:in `call'
actionpack (5.1.7) lib/action_dispatch/middleware/show_exceptions.rb:31:in `call'
railties (5.1.7) lib/rails/rack/logger.rb:36:in `call_app'
railties (5.1.7) lib/rails/rack/logger.rb:24:in `block in call'
activesupport (5.1.7) lib/active_support/tagged_logging.rb:69:in `block in tagged'
activesupport (5.1.7) lib/active_support/tagged_logging.rb:26:in `tagged'
activesupport (5.1.7) lib/active_support/tagged_logging.rb:69:in `tagged'
railties (5.1.7) lib/rails/rack/logger.rb:24:in `call'
sprockets-rails (3.2.1) lib/sprockets/rails/quiet_assets.rb:13:in `call'
actionpack (5.1.7) lib/action_dispatch/middleware/remote_ip.rb:79:in `call'
actionpack (5.1.7) lib/action_dispatch/middleware/request_id.rb:25:in `call'
rack (2.0.7) lib/rack/method_override.rb:22:in `call'
rack (2.0.7) lib/rack/runtime.rb:22:in `call'
activesupport (5.1.7) lib/active_support/cache/strategy/local_cache_middleware.rb:27:in `call'
actionpack (5.1.7) lib/action_dispatch/middleware/executor.rb:12:in `call'
actionpack (5.1.7) lib/action_dispatch/middleware/static.rb:125:in `call'
rack (2.0.7) lib/rack/sendfile.rb:111:in `call'
railties (5.1.7) lib/rails/engine.rb:522:in `call'
puma (3.12.1) lib/puma/configuration.rb:227:in `call'
puma (3.12.1) lib/puma/server.rb:660:in `handle_request'
puma (3.12.1) lib/puma/server.rb:474:in `process_client'
puma (3.12.1) lib/puma/server.rb:334:in `block in run'
puma (3.12.1) lib/puma/thread_pool.rb:135:in `block in spawn_thread'
Started GET "/system/ads/pictures/000/000/005/thumb/4.jpg?1569423013" for ::1 at 2019-09-30 14:43:00 -0300
  
ActionController::RoutingError (No route matches [GET] "/system/ads/pictures/000/000/005/thumb/4.jpg"):
  
actionpack (5.1.7) lib/action_dispatch/middleware/debug_exceptions.rb:63:in `call'
web-console (3.7.0) lib/web_console/middleware.rb:135:in `call_app'
web-console (3.7.0) lib/web_console/middleware.rb:30:in `block in call'
web-console (3.7.0) lib/web_console/middleware.rb:20:in `catch'
web-console (3.7.0) lib/web_console/middleware.rb:20:in `call'
actionpack (5.1.7) lib/action_dispatch/middleware/show_exceptions.rb:31:in `call'
railties (5.1.7) lib/rails/rack/logger.rb:36:in `call_app'
railties (5.1.7) lib/rails/rack/logger.rb:24:in `block in call'
activesupport (5.1.7) lib/active_support/tagged_logging.rb:69:in `block in tagged'
activesupport (5.1.7) lib/active_support/tagged_logging.rb:26:in `tagged'
activesupport (5.1.7) lib/active_support/tagged_logging.rb:69:in `tagged'
railties (5.1.7) lib/rails/rack/logger.rb:24:in `call'
sprockets-rails (3.2.1) lib/sprockets/rails/quiet_assets.rb:13:in `call'
actionpack (5.1.7) lib/action_dispatch/middleware/remote_ip.rb:79:in `call'
actionpack (5.1.7) lib/action_dispatch/middleware/request_id.rb:25:in `call'
rack (2.0.7) lib/rack/method_override.rb:22:in `call'
rack (2.0.7) lib/rack/runtime.rb:22:in `call'
activesupport (5.1.7) lib/active_support/cache/strategy/local_cache_middleware.rb:27:in `call'
actionpack (5.1.7) lib/action_dispatch/middleware/executor.rb:12:in `call'
actionpack (5.1.7) lib/action_dispatch/middleware/static.rb:125:in `call'
rack (2.0.7) lib/rack/sendfile.rb:111:in `call'
railties (5.1.7) lib/rails/engine.rb:522:in `call'
puma (3.12.1) lib/puma/configuration.rb:227:in `call'
puma (3.12.1) lib/puma/server.rb:660:in `handle_request'
puma (3.12.1) lib/puma/server.rb:474:in `process_client'
puma (3.12.1) lib/puma/server.rb:334:in `block in run'
puma (3.12.1) lib/puma/thread_pool.rb:135:in `block in spawn_thread'
Started GET "/system/ads/pictures/000/000/010/thumb/1.jpg?1569423013" for ::1 at 2019-09-30 14:43:00 -0300
  
ActionController::RoutingError (No route matches [GET] "/system/ads/pictures/000/000/010/thumb/1.jpg"):
  
actionpack (5.1.7) lib/action_dispatch/middleware/debug_exceptions.rb:63:in `call'
web-console (3.7.0) lib/web_console/middleware.rb:135:in `call_app'
web-console (3.7.0) lib/web_console/middleware.rb:30:in `block in call'
web-console (3.7.0) lib/web_console/middleware.rb:20:in `catch'
web-console (3.7.0) lib/web_console/middleware.rb:20:in `call'
actionpack (5.1.7) lib/action_dispatch/middleware/show_exceptions.rb:31:in `call'
railties (5.1.7) lib/rails/rack/logger.rb:36:in `call_app'
railties (5.1.7) lib/rails/rack/logger.rb:24:in `block in call'
activesupport (5.1.7) lib/active_support/tagged_logging.rb:69:in `block in tagged'
activesupport (5.1.7) lib/active_support/tagged_logging.rb:26:in `tagged'
activesupport (5.1.7) lib/active_support/tagged_logging.rb:69:in `tagged'
railties (5.1.7) lib/rails/rack/logger.rb:24:in `call'
sprockets-rails (3.2.1) lib/sprockets/rails/quiet_assets.rb:13:in `call'
actionpack (5.1.7) lib/action_dispatch/middleware/remote_ip.rb:79:in `call'
actionpack (5.1.7) lib/action_dispatch/middleware/request_id.rb:25:in `call'
rack (2.0.7) lib/rack/method_override.rb:22:in `call'
rack (2.0.7) lib/rack/runtime.rb:22:in `call'
activesupport (5.1.7) lib/active_support/cache/strategy/local_cache_middleware.rb:27:in `call'
actionpack (5.1.7) lib/action_dispatch/middleware/executor.rb:12:in `call'
actionpack (5.1.7) lib/action_dispatch/middleware/static.rb:125:in `call'
rack (2.0.7) lib/rack/sendfile.rb:111:in `call'
railties (5.1.7) lib/rails/engine.rb:522:in `call'
puma (3.12.1) lib/puma/configuration.rb:227:in `call'
puma (3.12.1) lib/puma/server.rb:660:in `handle_request'
puma (3.12.1) lib/puma/server.rb:474:in `process_client'
puma (3.12.1) lib/puma/server.rb:334:in `block in run'
puma (3.12.1) lib/puma/thread_pool.rb:135:in `block in spawn_thread'
Started GET "/system/ads/pictures/000/000/058/thumb/6.jpg?1569423018" for ::1 at 2019-09-30 14:43:00 -0300
  
Started GET "/system/ads/pictures/000/000/106/thumb/11.jpg?1569423132" for ::1 at 2019-09-30 14:43:00 -0300
ActionController::RoutingError (No route matches [GET] "/system/ads/pictures/000/000/058/thumb/6.jpg"):
  
  
ActionController::RoutingError (No route matches [GET] "/system/ads/pictures/000/000/106/thumb/11.jpg"):
actionpack (5.1.7) lib/action_dispatch/middleware/debug_exceptions.rb:63:in `call'
web-console (3.7.0) lib/web_console/middleware.rb:135:in `call_app'
web-console (3.7.0) lib/web_console/middleware.rb:30:in `block in call'
web-console (3.7.0) lib/web_console/middleware.rb:20:in `catch'
web-console (3.7.0) lib/web_console/middleware.rb:20:in `call'
actionpack (5.1.7) lib/action_dispatch/middleware/show_exceptions.rb:31:in `call'
railties (5.1.7) lib/rails/rack/logger.rb:36:in `call_app'
railties (5.1.7) lib/rails/rack/logger.rb:24:in `block in call'
activesupport (5.1.7) lib/active_support/tagged_logging.rb:69:in `block in tagged'
activesupport (5.1.7) lib/active_support/tagged_logging.rb:26:in `tagged'
activesupport (5.1.7) lib/active_support/tagged_logging.rb:69:in `tagged'
railties (5.1.7) lib/rails/rack/logger.rb:24:in `call'
sprockets-rails (3.2.1) lib/sprockets/rails/quiet_assets.rb:13:in `call'
actionpack (5.1.7) lib/action_dispatch/middleware/remote_ip.rb:79:in `call'
actionpack (5.1.7) lib/action_dispatch/middleware/request_id.rb:25:in `call'
rack (2.0.7) lib/rack/method_override.rb:22:in `call'
rack (2.0.7) lib/rack/runtime.rb:22:in `call'
activesupport (5.1.7) lib/active_support/cache/strategy/local_cache_middleware.rb:27:in `call'
actionpack (5.1.7) lib/action_dispatch/middleware/executor.rb:12:in `call'
actionpack (5.1.7) lib/action_dispatch/middleware/static.rb:125:in `call'
rack (2.0.7) lib/rack/sendfile.rb:111:in `call'
railties (5.1.7) lib/rails/engine.rb:522:in `call'
puma (3.12.1) lib/puma/configuration.rb:227:in `call'
puma (3.12.1) lib/puma/server.rb:660:in `handle_request'
puma (3.12.1) lib/puma/server.rb:474:in `process_client'
puma (3.12.1) lib/puma/server.rb:334:in `block in run'
puma (3.12.1) lib/puma/thread_pool.rb:135:in `block in spawn_thread'
  
actionpack (5.1.7) lib/action_dispatch/middleware/debug_exceptions.rb:63:in `call'
web-console (3.7.0) lib/web_console/middleware.rb:135:in `call_app'
web-console (3.7.0) lib/web_console/middleware.rb:30:in `block in call'
web-console (3.7.0) lib/web_console/middleware.rb:20:in `catch'
web-console (3.7.0) lib/web_console/middleware.rb:20:in `call'
actionpack (5.1.7) lib/action_dispatch/middleware/show_exceptions.rb:31:in `call'
railties (5.1.7) lib/rails/rack/logger.rb:36:in `call_app'
railties (5.1.7) lib/rails/rack/logger.rb:24:in `block in call'
activesupport (5.1.7) lib/active_support/tagged_logging.rb:69:in `block in tagged'
activesupport (5.1.7) lib/active_support/tagged_logging.rb:26:in `tagged'
activesupport (5.1.7) lib/active_support/tagged_logging.rb:69:in `tagged'
railties (5.1.7) lib/rails/rack/logger.rb:24:in `call'
sprockets-rails (3.2.1) lib/sprockets/rails/quiet_assets.rb:13:in `call'
actionpack (5.1.7) lib/action_dispatch/middleware/remote_ip.rb:79:in `call'
actionpack (5.1.7) lib/action_dispatch/middleware/request_id.rb:25:in `call'
rack (2.0.7) lib/rack/method_override.rb:22:in `call'
rack (2.0.7) lib/rack/runtime.rb:22:in `call'
activesupport (5.1.7) lib/active_support/cache/strategy/local_cache_middleware.rb:27:in `call'
actionpack (5.1.7) lib/action_dispatch/middleware/executor.rb:12:in `call'
actionpack (5.1.7) lib/action_dispatch/middleware/static.rb:125:in `call'
rack (2.0.7) lib/rack/sendfile.rb:111:in `call'
railties (5.1.7) lib/rails/engine.rb:522:in `call'
puma (3.12.1) lib/puma/configuration.rb:227:in `call'
puma (3.12.1) lib/puma/server.rb:660:in `handle_request'
puma (3.12.1) lib/puma/server.rb:474:in `process_client'
puma (3.12.1) lib/puma/server.rb:334:in `block in run'
puma (3.12.1) lib/puma/thread_pool.rb:135:in `block in spawn_thread'
Started GET "/customers" for ::1 at 2019-09-30 14:43:20 -0300
Processing by CustomersController#index as HTML
  Rendering customers/index.html.erb within layouts/application
  [1m[36mCustomer Load (0.4ms)[0m  [1m[34mSELECT "customers".* FROM "customers"[0m
  Rendered customers/index.html.erb within layouts/application (7.3ms)
Completed 200 OK in 45ms (Views: 41.5ms | ActiveRecord: 0.4ms)


Started GET "/customers" for ::1 at 2019-09-30 14:43:54 -0300
Processing by CustomersController#index as HTML
  Rendering customers/index.html.erb within layouts/application
  [1m[36mCustomer Load (0.4ms)[0m  [1m[34mSELECT "customers".* FROM "customers"[0m
  Rendered customers/index.html.erb within layouts/application (3.3ms)
Completed 200 OK in 40ms (Views: 35.5ms | ActiveRecord: 0.4ms)


Started GET "/customers" for ::1 at 2019-09-30 14:48:54 -0300
Processing by CustomersController#index as HTML
  Rendering customers/index.html.erb within layouts/application
  [1m[36mCustomer Load (0.4ms)[0m  [1m[34mSELECT "customers".* FROM "customers"[0m
  Rendered customers/index.html.erb within layouts/application (4.4ms)
Completed 200 OK in 37ms (Views: 34.6ms | ActiveRecord: 0.4ms)


Started GET "/customers/1" for ::1 at 2019-09-30 14:49:04 -0300
Processing by CustomersController#show as HTML
  Parameters: {"id"=>"1"}
  [1m[36mCustomer Load (0.1ms)[0m  [1m[34mSELECT  "customers".* FROM "customers" WHERE "customers"."id" = ? LIMIT ?[0m  [["id", 1], ["LIMIT", 1]]
  Rendering customers/show.html.erb within layouts/application
  Rendered customers/show.html.erb within layouts/application (0.4ms)
Completed 200 OK in 11ms (Views: 9.5ms | ActiveRecord: 0.1ms)


Started GET "/customers" for ::1 at 2019-09-30 14:49:10 -0300
Processing by CustomersController#index as HTML
  Rendering customers/index.html.erb within layouts/application
  [1m[36mCustomer Load (0.4ms)[0m  [1m[34mSELECT "customers".* FROM "customers"[0m
  Rendered customers/index.html.erb within layouts/application (4.0ms)
Completed 200 OK in 47ms (Views: 44.4ms | ActiveRecord: 0.4ms)


Started GET "/customers" for ::1 at 2019-09-30 14:51:12 -0300
Processing by CustomersController#index as HTML
  Rendering customers/index.html.erb within layouts/application
  [1m[36mCustomer Load (0.4ms)[0m  [1m[34mSELECT "customers".* FROM "customers"[0m
  Rendered customers/index.html.erb within layouts/application (3.6ms)
Completed 200 OK in 41ms (Views: 38.2ms | ActiveRecord: 0.4ms)


Started GET "/customers/1" for ::1 at 2019-09-30 14:51:23 -0300
Processing by CustomersController#show as HTML
  Parameters: {"id"=>"1"}
  [1m[36mCustomer Load (0.5ms)[0m  [1m[34mSELECT  "customers".* FROM "customers" WHERE "customers"."id" = ? LIMIT ?[0m  [["id", 1], ["LIMIT", 1]]
  Rendering customers/show.html.erb within layouts/application
  Rendered customers/show.html.erb within layouts/application (1.5ms)
Completed 200 OK in 36ms (Views: 31.9ms | ActiveRecord: 0.5ms)


Started GET "/customers/2" for ::1 at 2019-09-30 14:51:26 -0300
Processing by CustomersController#show as HTML
  Parameters: {"id"=>"2"}
  [1m[36mCustomer Load (0.3ms)[0m  [1m[34mSELECT  "customers".* FROM "customers" WHERE "customers"."id" = ? LIMIT ?[0m  [["id", 2], ["LIMIT", 1]]
  Rendering customers/show.html.erb within layouts/application
  Rendered customers/show.html.erb within layouts/application (1.3ms)
Completed 200 OK in 45ms (Views: 40.9ms | ActiveRecord: 0.3ms)


Started GET "/customers/3" for ::1 at 2019-09-30 14:51:28 -0300
Processing by CustomersController#show as HTML
  Parameters: {"id"=>"3"}
  [1m[36mCustomer Load (0.3ms)[0m  [1m[34mSELECT  "customers".* FROM "customers" WHERE "customers"."id" = ? LIMIT ?[0m  [["id", 3], ["LIMIT", 1]]
  Rendering customers/show.html.erb within layouts/application
  Rendered customers/show.html.erb within layouts/application (1.4ms)
Completed 200 OK in 51ms (Views: 46.9ms | ActiveRecord: 0.3ms)


Started GET "/customers" for ::1 at 2019-09-30 14:56:00 -0300
Processing by CustomersController#index as HTML
  Rendering customers/index.html.erb within layouts/application
  [1m[36mCustomer Load (0.4ms)[0m  [1m[34mSELECT "customers".* FROM "customers"[0m
  Rendered customers/index.html.erb within layouts/application (4.1ms)
Completed 200 OK in 40ms (Views: 36.4ms | ActiveRecord: 0.4ms)


Started GET "/customers/2/edit" for ::1 at 2019-09-30 14:56:02 -0300
Processing by CustomersController#edit as HTML
  Parameters: {"id"=>"2"}
  [1m[36mCustomer Load (0.3ms)[0m  [1m[34mSELECT  "customers".* FROM "customers" WHERE "customers"."id" = ? LIMIT ?[0m  [["id", 2], ["LIMIT", 1]]
  Rendering customers/edit.html.erb within layouts/application
  Rendered customers/edit.html.erb within layouts/application (740.2ms)
Completed 200 OK in 756ms (Views: 751.7ms | ActiveRecord: 0.3ms)


Started PATCH "/customers/2" for ::1 at 2019-09-30 14:56:13 -0300
Processing by CustomersController#update as HTML
  Parameters: {"utf8"=>"✓", "authenticity_token"=>"6qGktMTThCjlsFwMZS4pgXd/FcniKV6j2bsYnPkRiVk68cC6KmA907vZ99bvXIuRuKloyEDlNZ52FmJ3AA9bEA==", "customer"=>{"name"=>"Andre", "email"=>"Andre@email.com", "phone"=>"98989898989", "smoker"=>"S"}, "commit"=>"Atualizar Cliente", "id"=>"2"}
  [1m[36mCustomer Load (0.2ms)[0m  [1m[34mSELECT  "customers".* FROM "customers" WHERE "customers"."id" = ? LIMIT ?[0m  [["id", 2], ["LIMIT", 1]]
  [1m[35m (0.1ms)[0m  [1m[36mbegin transaction[0m
  [1m[35mSQL (0.5ms)[0m  [1m[33mUPDATE "customers" SET "name" = ?, "email" = ?, "smoker" = ?, "updated_at" = ? WHERE "customers"."id" = ?[0m  [["name", "Andre"], ["email", "Andre@email.com"], ["smoker", "S"], ["updated_at", "2019-09-30 17:56:13.682816"], ["id", 2]]
  [1m[35m (12.0ms)[0m  [1m[36mcommit transaction[0m
Redirected to http://localhost:3000/customers/2
Completed 302 Found in 19ms (ActiveRecord: 12.8ms)


Started GET "/customers/2" for ::1 at 2019-09-30 14:56:13 -0300
Processing by CustomersController#show as HTML
  Parameters: {"id"=>"2"}
  [1m[36mCustomer Load (0.1ms)[0m  [1m[34mSELECT  "customers".* FROM "customers" WHERE "customers"."id" = ? LIMIT ?[0m  [["id", 2], ["LIMIT", 1]]
  Rendering customers/show.html.erb within layouts/application
  Rendered customers/show.html.erb within layouts/application (0.5ms)
Completed 200 OK in 13ms (Views: 11.2ms | ActiveRecord: 0.1ms)


Started GET "/customers" for ::1 at 2019-09-30 14:56:21 -0300
Processing by CustomersController#index as HTML
  Rendering customers/index.html.erb within layouts/application
  [1m[36mCustomer Load (0.1ms)[0m  [1m[34mSELECT "customers".* FROM "customers"[0m
  Rendered customers/index.html.erb within layouts/application (1.8ms)
Completed 200 OK in 13ms (Views: 12.3ms | ActiveRecord: 0.1ms)


Started GET "/customers" for ::1 at 2019-09-30 14:56:23 -0300
Processing by CustomersController#index as HTML
  Rendering customers/index.html.erb within layouts/application
  [1m[36mCustomer Load (0.4ms)[0m  [1m[34mSELECT "customers".* FROM "customers"[0m
  Rendered customers/index.html.erb within layouts/application (4.2ms)
Completed 200 OK in 30ms (Views: 27.2ms | ActiveRecord: 0.4ms)


Started GET "/customers" for ::1 at 2019-09-30 14:59:52 -0300
Processing by CustomersController#index as HTML
  Rendering customers/index.html.erb within layouts/application
  [1m[36mCustomer Load (0.4ms)[0m  [1m[34mSELECT "customers".* FROM "customers"[0m
  Rendered customers/index.html.erb within layouts/application (6.0ms)
Completed 200 OK in 40ms (Views: 37.1ms | ActiveRecord: 0.4ms)


Started DELETE "/customers/2" for ::1 at 2019-09-30 14:59:56 -0300
  
AbstractController::ActionNotFound (The action 'destroy' could not be found for CustomersController):
  
actionpack (5.1.7) lib/abstract_controller/base.rb:119:in `process'
actionview (5.1.7) lib/action_view/rendering.rb:30:in `process'
actionpack (5.1.7) lib/action_controller/metal.rb:189:in `dispatch'
actionpack (5.1.7) lib/action_controller/metal.rb:253:in `dispatch'
actionpack (5.1.7) lib/action_dispatch/routing/route_set.rb:49:in `dispatch'
actionpack (5.1.7) lib/action_dispatch/routing/route_set.rb:31:in `serve'
actionpack (5.1.7) lib/action_dispatch/journey/router.rb:50:in `block in serve'
actionpack (5.1.7) lib/action_dispatch/journey/router.rb:33:in `each'
actionpack (5.1.7) lib/action_dispatch/journey/router.rb:33:in `serve'
actionpack (5.1.7) lib/action_dispatch/routing/route_set.rb:844:in `call'
rack (2.0.7) lib/rack/etag.rb:25:in `call'
rack (2.0.7) lib/rack/conditional_get.rb:38:in `call'
rack (2.0.7) lib/rack/head.rb:12:in `call'
rack (2.0.7) lib/rack/session/abstract/id.rb:232:in `context'
rack (2.0.7) lib/rack/session/abstract/id.rb:226:in `call'
actionpack (5.1.7) lib/action_dispatch/middleware/cookies.rb:613:in `call'
activerecord (5.1.7) lib/active_record/migration.rb:556:in `call'
actionpack (5.1.7) lib/action_dispatch/middleware/callbacks.rb:26:in `block in call'
activesupport (5.1.7) lib/active_support/callbacks.rb:97:in `run_callbacks'
actionpack (5.1.7) lib/action_dispatch/middleware/callbacks.rb:24:in `call'
actionpack (5.1.7) lib/action_dispatch/middleware/executor.rb:12:in `call'
actionpack (5.1.7) lib/action_dispatch/middleware/debug_exceptions.rb:59:in `call'
web-console (3.7.0) lib/web_console/middleware.rb:135:in `call_app'
web-console (3.7.0) lib/web_console/middleware.rb:30:in `block in call'
web-console (3.7.0) lib/web_console/middleware.rb:20:in `catch'
web-console (3.7.0) lib/web_console/middleware.rb:20:in `call'
actionpack (5.1.7) lib/action_dispatch/middleware/show_exceptions.rb:31:in `call'
railties (5.1.7) lib/rails/rack/logger.rb:36:in `call_app'
railties (5.1.7) lib/rails/rack/logger.rb:24:in `block in call'
activesupport (5.1.7) lib/active_support/tagged_logging.rb:69:in `block in tagged'
activesupport (5.1.7) lib/active_support/tagged_logging.rb:26:in `tagged'
activesupport (5.1.7) lib/active_support/tagged_logging.rb:69:in `tagged'
railties (5.1.7) lib/rails/rack/logger.rb:24:in `call'
sprockets-rails (3.2.1) lib/sprockets/rails/quiet_assets.rb:13:in `call'
actionpack (5.1.7) lib/action_dispatch/middleware/remote_ip.rb:79:in `call'
actionpack (5.1.7) lib/action_dispatch/middleware/request_id.rb:25:in `call'
rack (2.0.7) lib/rack/method_override.rb:22:in `call'
rack (2.0.7) lib/rack/runtime.rb:22:in `call'
activesupport (5.1.7) lib/active_support/cache/strategy/local_cache_middleware.rb:27:in `call'
actionpack (5.1.7) lib/action_dispatch/middleware/executor.rb:12:in `call'
actionpack (5.1.7) lib/action_dispatch/middleware/static.rb:125:in `call'
rack (2.0.7) lib/rack/sendfile.rb:111:in `call'
railties (5.1.7) lib/rails/engine.rb:522:in `call'
puma (3.12.1) lib/puma/configuration.rb:227:in `call'
puma (3.12.1) lib/puma/server.rb:660:in `handle_request'
puma (3.12.1) lib/puma/server.rb:474:in `process_client'
puma (3.12.1) lib/puma/server.rb:334:in `block in run'
puma (3.12.1) lib/puma/thread_pool.rb:135:in `block in spawn_thread'
Started GET "/customers" for ::1 at 2019-09-30 15:11:04 -0300
Processing by CustomersController#index as HTML
  Rendering customers/index.html.erb within layouts/application
  [1m[36mCustomer Load (0.1ms)[0m  [1m[34mSELECT "customers".* FROM "customers"[0m
  Rendered customers/index.html.erb within layouts/application (8.5ms)
Completed 200 OK in 27ms (Views: 23.1ms | ActiveRecord: 0.8ms)


Started DELETE "/customers/2" for ::1 at 2019-09-30 15:11:07 -0300
Processing by CustomersController#destroy as HTML
  Parameters: {"authenticity_token"=>"egKtbasHCi7oF1IZRoEpyTnZTE/e2etRROIMQ3GkhxQeGGciu9VtjdiRovE9vR1+6JN1ggr1LrhMg+pG6JoSCg==", "id"=>"2"}
  [1m[36mCustomer Load (0.4ms)[0m  [1m[34mSELECT  "customers".* FROM "customers" WHERE "customers"."id" = ? LIMIT ?[0m  [["id", 2], ["LIMIT", 1]]
  [1m[35m (0.2ms)[0m  [1m[36mbegin transaction[0m
  [1m[35mSQL (2.8ms)[0m  [1m[31mDELETE FROM "customers" WHERE "customers"."id" = ?[0m  [["id", 2]]
  [1m[35m (15.0ms)[0m  [1m[36mcommit transaction[0m
Redirected to http://localhost:3000/customers
Completed 302 Found in 25ms (ActiveRecord: 18.4ms)


Started GET "/customers" for ::1 at 2019-09-30 15:11:07 -0300
Processing by CustomersController#index as HTML
  Rendering customers/index.html.erb within layouts/application
  [1m[36mCustomer Load (0.2ms)[0m  [1m[34mSELECT "customers".* FROM "customers"[0m
  Rendered customers/index.html.erb within layouts/application (1.9ms)
Completed 200 OK in 16ms (Views: 13.4ms | ActiveRecord: 0.2ms)


